2025-06-16 14:50:41,669 [INFO] 로깅 시스템 초기화 완료
2025-06-16 14:50:41,671 [INFO] MyMobSF_Analyzer 시작
2025-06-16 14:50:42,595 [ERROR] 예기치 않은 오류 발생: maximum recursion depth exceeded
2025-06-16 14:50:50,990 [INFO] 로깅 시스템 초기화 완료
2025-06-16 14:50:50,990 [INFO] MyMobSF_Analyzer 시작
2025-06-16 14:50:58,478 [ERROR] 예기치 않은 오류 발생: maximum recursion depth exceeded
2025-06-16 14:54:35,791 [INFO] 로깅 시스템 초기화 완료
2025-06-16 14:54:35,791 [INFO] MyMobSF_Analyzer 시작
2025-06-16 14:54:39,884 [INFO] 동적 분석 시작
2025-06-16 14:54:40,139 [INFO] 파일 업로드 시작: apk_files\sample.apk
2025-06-16 14:54:41,188 [INFO] 파일 업로드 성공: f90f81f7b47ca73de0e5aa5aaeba6735
2025-06-16 14:55:12,185 [INFO] 동적 분석 시작
2025-06-16 14:55:12,322 [INFO] 파일 업로드 시작: apk_files\sample.apk
2025-06-16 14:55:13,302 [INFO] 파일 업로드 성공: f90f81f7b47ca73de0e5aa5aaeba6735
2025-06-16 14:57:46,362 [INFO] 로깅 시스템 초기화 완료
2025-06-16 14:57:46,363 [INFO] MyMobSF_Analyzer 시작
2025-06-16 14:57:51,279 [INFO] 동적 분석 시작
2025-06-16 14:57:51,444 [INFO] 파일 업로드 시작: apk_files\sample.apk
2025-06-16 14:57:52,309 [INFO] 파일 업로드 성공: f90f81f7b47ca73de0e5aa5aaeba6735
2025-06-16 15:17:30,999 [INFO] 로깅 시스템 초기화 완료
2025-06-16 15:17:31,000 [INFO] MyMobSF_Analyzer 시작
2025-06-16 15:17:36,212 [INFO] 동적 분석 시작
2025-06-16 15:17:36,324 [INFO] 파일 업로드 시작: apk_files\sample.apk
2025-06-16 15:17:37,329 [INFO] 파일 업로드 성공: f90f81f7b47ca73de0e5aa5aaeba6735
2025-06-16 15:17:37,426 [INFO] 동적 분석 시작: f90f81f7b47ca73de0e5aa5aaeba6735
2025-06-16 15:17:51,615 [INFO] 동적 분석 시작됨
2025-06-16 15:21:38,109 [INFO] 로깅 시스템 초기화 완료
2025-06-16 15:21:38,110 [INFO] MyMobSF_Analyzer 시작
2025-06-16 15:21:44,402 [INFO] 동적 분석 시작
2025-06-16 15:21:44,487 [INFO] 파일 업로드 시작: apk_files\sample.apk
2025-06-16 15:21:45,523 [INFO] 파일 업로드 성공: f90f81f7b47ca73de0e5aa5aaeba6735
2025-06-16 15:21:45,612 [INFO] 동적 분석 시작: f90f81f7b47ca73de0e5aa5aaeba6735
2025-06-16 15:21:59,216 [INFO] 동적 분석 시작됨
2025-06-16 15:22:16,067 [INFO] 동적 분석 시작
2025-06-16 15:22:16,137 [INFO] 파일 업로드 시작: apk_files\sample.apk
2025-06-16 15:22:17,081 [INFO] 파일 업로드 성공: f90f81f7b47ca73de0e5aa5aaeba6735
2025-06-16 15:22:17,167 [INFO] 동적 분석 시작: f90f81f7b47ca73de0e5aa5aaeba6735
2025-06-16 15:22:32,028 [INFO] 동적 분석 시작됨
2025-06-16 15:28:46,342 [INFO] 로깅 시스템 초기화 완료
2025-06-16 15:28:46,343 [INFO] MyMobSF_Analyzer 시작
2025-06-16 15:28:52,888 [INFO] 동적 분석 시작
2025-06-16 15:28:52,995 [INFO] 파일 업로드 시작: apk_files\sample.apk
2025-06-16 15:28:54,141 [INFO] 파일 업로드 성공: f90f81f7b47ca73de0e5aa5aaeba6735
2025-06-16 15:28:54,268 [INFO] 동적 분석 시작: f90f81f7b47ca73de0e5aa5aaeba6735
2025-06-16 15:29:07,633 [INFO] 동적 분석 시작됨
2025-06-16 15:34:12,694 [INFO] 로깅 시스템 초기화 완료
2025-06-16 15:34:12,695 [INFO] MyMobSF_Analyzer 시작
2025-06-16 15:34:16,847 [INFO] 동적 분석 시작
2025-06-16 15:34:16,938 [INFO] 파일 업로드 시작: apk_files\sample.apk
2025-06-16 15:34:17,838 [INFO] 파일 업로드 성공: f90f81f7b47ca73de0e5aa5aaeba6735
2025-06-16 15:34:17,920 [INFO] 동적 분석 시작: f90f81f7b47ca73de0e5aa5aaeba6735
2025-06-16 15:34:30,703 [INFO] 동적 분석 시작됨
2025-06-16 15:38:28,028 [INFO] 로깅 시스템 초기화 완료
2025-06-16 15:38:28,030 [INFO] MyMobSF_Analyzer 시작
2025-06-16 15:38:39,266 [INFO] 동적 분석 시작
2025-06-16 15:38:39,359 [INFO] 파일 업로드 시작: apk_files\sample.apk
2025-06-16 15:38:40,253 [INFO] 파일 업로드 성공: f90f81f7b47ca73de0e5aa5aaeba6735
2025-06-16 15:38:40,348 [INFO] 동적 분석 시작: f90f81f7b47ca73de0e5aa5aaeba6735
2025-06-16 15:38:53,225 [INFO] 동적 분석 시작됨
2025-06-16 16:10:12,238 [INFO] 로깅 시스템 초기화 완료
2025-06-16 16:10:12,239 [INFO] MyMobSF_Analyzer 시작
2025-06-16 16:10:17,911 [INFO] 동적 분석 시작
2025-06-16 16:10:18,009 [INFO] 파일 업로드 시작: apk_files\sample.apk
2025-06-16 16:10:18,954 [INFO] 파일 업로드 성공: f90f81f7b47ca73de0e5aa5aaeba6735
2025-06-16 16:10:19,710 [INFO] 동적 분석 시작: f90f81f7b47ca73de0e5aa5aaeba6735
2025-06-16 16:10:32,744 [INFO] 동적 분석 시작됨
2025-06-16 16:15:25,363 [INFO] 사용자가 프로그램을 중단했습니다
2025-06-16 16:15:28,198 [INFO] 로깅 시스템 초기화 완료
2025-06-16 16:15:28,198 [INFO] MyMobSF_Analyzer 시작
2025-06-16 16:15:38,825 [INFO] 동적 분석 시작
2025-06-16 16:15:38,930 [INFO] 파일 업로드 시작: apk_files\sample.apk
2025-06-16 16:15:39,813 [INFO] 파일 업로드 성공: f90f81f7b47ca73de0e5aa5aaeba6735
2025-06-16 16:15:40,231 [INFO] 동적 분석 시작: f90f81f7b47ca73de0e5aa5aaeba6735
2025-06-16 16:15:53,149 [INFO] 동적 분석 시작됨
2025-06-16 16:15:53,152 [INFO] 동적 분석 시작됨
2025-06-16 16:30:49,726 [INFO] 사용자가 프로그램을 중단했습니다
2025-06-16 16:30:53,007 [INFO] 로깅 시스템 초기화 완료
2025-06-16 16:30:53,008 [INFO] MyMobSF_Analyzer 시작
2025-06-16 16:31:02,286 [INFO] 동적 분석 시작
2025-06-16 16:31:02,408 [INFO] 파일 업로드 시작: apk_files\sample.apk
2025-06-16 16:31:03,400 [INFO] 파일 업로드 성공: f90f81f7b47ca73de0e5aa5aaeba6735
2025-06-16 16:31:03,810 [INFO] 동적 분석 시작: f90f81f7b47ca73de0e5aa5aaeba6735
2025-06-16 16:31:20,202 [INFO] 동적 분석 시작됨
2025-06-16 16:31:20,203 [INFO] 동적 분석 시작됨
2025-06-16 16:37:13,714 [INFO] 사용자가 프로그램을 중단했습니다
2025-06-16 18:19:41,779 [INFO] 로깅 시스템 초기화 완료
2025-06-16 18:19:41,780 [INFO] MyMobSF_Analyzer 시작
2025-06-16 18:19:50,506 [INFO] 동적 분석 시작
2025-06-16 18:19:50,651 [INFO] 파일 업로드 시작: apk_files\sample.apk
2025-06-16 18:19:51,720 [INFO] 파일 업로드 성공: f90f81f7b47ca73de0e5aa5aaeba6735
2025-06-16 18:19:53,066 [INFO] 동적 분석 시작: f90f81f7b47ca73de0e5aa5aaeba6735
2025-06-16 18:20:07,675 [INFO] 동적 분석 시작됨
2025-06-16 18:20:07,676 [INFO] 동적 분석 시작됨
2025-06-17 19:43:33,432 [INFO] 로깅 시스템 초기화 완료
2025-06-17 19:43:33,434 [INFO] MyMobSF_Analyzer 시작
2025-06-17 19:43:42,001 [INFO] 정적 분석 시작: sample.apk
2025-06-17 19:43:42,182 [INFO] 파일 업로드 시작: apk_files\sample.apk
2025-06-17 19:43:43,203 [INFO] 파일 업로드 성공: f90f81f7b47ca73de0e5aa5aaeba6735
2025-06-17 19:43:43,204 [INFO] 파일 스캔 시작: f90f81f7b47ca73de0e5aa5aaeba6735
2025-06-17 19:44:00,344 [INFO] 파일 스캔 완료
2025-06-17 19:44:00,349 [INFO] JSON 리포트 생성: f90f81f7b47ca73de0e5aa5aaeba6735
2025-06-17 19:44:00,626 [INFO] JSON 리포트 생성 완료
2025-06-17 19:44:00,647 [INFO] JSON 리포트 저장 완료: reports\sample_f90f81f7b47ca73de0e5aa5aaeba6735.json
2025-06-17 19:44:00,648 [INFO] PDF 리포트 다운로드: f90f81f7b47ca73de0e5aa5aaeba6735
2025-06-17 19:44:02,306 [INFO] PDF 리포트 저장 완료: reports\sample_f90f81f7b47ca73de0e5aa5aaeba6735.pdf
2025-06-17 19:44:09,194 [INFO] 동적 분석 시작
2025-06-17 19:44:09,305 [INFO] 파일 업로드 시작: apk_files\sample.apk
2025-06-17 19:44:10,147 [INFO] 파일 업로드 성공: f90f81f7b47ca73de0e5aa5aaeba6735
2025-06-17 19:44:11,357 [INFO] 동적 분석 시작: f90f81f7b47ca73de0e5aa5aaeba6735
2025-06-17 19:44:29,754 [INFO] 동적 분석 시작됨
2025-06-17 19:44:29,755 [INFO] 동적 분석 시작됨
2025-06-17 20:08:23,248 [INFO] 로깅 시스템 초기화 완료
2025-06-17 20:08:23,248 [INFO] MyMobSF_Analyzer 시작
2025-06-17 20:08:23,252 [ERROR] 예기치 않은 오류 발생: invalid literal for int() with base 10: '3         # 재시작 전 대기 시간(초)'
2025-06-17 20:08:33,178 [INFO] 로깅 시스템 초기화 완료
2025-06-17 20:08:33,179 [INFO] MyMobSF_Analyzer 시작
2025-06-17 20:08:33,181 [ERROR] 예기치 않은 오류 발생: invalid literal for int() with base 10: '3         # 재시작 전 대기 시간(초)'
2025-06-17 20:12:09,821 [INFO] 로깅 시스템 초기화 완료
2025-06-17 20:12:09,822 [INFO] MyMobSF_Analyzer 시작
2025-06-17 20:12:09,824 [ERROR] 예기치 않은 오류 발생: invalid literal for int() with base 10: '3         # 재시작 전 대기 시간(초)'
2025-06-17 20:14:13,777 [INFO] 로깅 시스템 초기화 완료
2025-06-17 20:14:13,778 [INFO] MyMobSF_Analyzer 시작
2025-06-17 20:14:24,329 [INFO] 동적 분석 시작
2025-06-17 20:14:24,415 [INFO] 파일 업로드 시작: apk_files\sample.apk
2025-06-17 20:14:25,304 [INFO] 파일 업로드 성공: f90f81f7b47ca73de0e5aa5aaeba6735
2025-06-17 20:14:25,886 [INFO] 동적 분석 시작: f90f81f7b47ca73de0e5aa5aaeba6735
2025-06-17 20:14:39,250 [INFO] 동적 분석 시작됨
2025-06-17 20:14:39,250 [INFO] 동적 분석 시작됨
2025-06-17 20:14:47,576 [INFO] 크래시 모니터링 및 자동 재시작 활성화
2025-06-17 20:14:47,904 [INFO] 앱이 정상적으로 실행 중입니다.
2025-06-17 20:21:33,782 [INFO] 로깅 시스템 초기화 완료
2025-06-17 20:21:33,783 [INFO] MyMobSF_Analyzer 시작
2025-06-17 20:31:54,031 [INFO] 로깅 시스템 초기화 완료
2025-06-17 20:31:54,031 [INFO] MyMobSF_Analyzer 시작
2025-06-17 20:32:01,029 [INFO] 동적 분석 시작
2025-06-17 20:32:01,106 [INFO] 파일 업로드 시작: apk_files\sample.apk
2025-06-17 20:32:01,985 [INFO] 파일 업로드 성공: f90f81f7b47ca73de0e5aa5aaeba6735
2025-06-17 20:32:02,512 [INFO] 동적 분석 시작: f90f81f7b47ca73de0e5aa5aaeba6735
2025-06-17 20:32:15,298 [INFO] 동적 분석 시작됨
2025-06-17 20:32:15,299 [INFO] 동적 분석 시작됨
2025-06-17 20:32:23,584 [INFO] 크래시 모니터링 및 자동 재시작 활성화
2025-06-17 20:32:23,849 [INFO] 앱이 정상적으로 실행 중입니다.
2025-06-17 21:15:38,728 [INFO] 로깅 시스템 초기화 완료
2025-06-17 21:15:38,728 [INFO] MyMobSF_Analyzer 시작
2025-06-17 21:15:46,468 [INFO] === 개선된 동적 분석 시작 ===
2025-06-17 21:15:46,555 [INFO] 파일 업로드 시작: apk_files\sample.apk
2025-06-17 21:15:47,487 [INFO] 파일 업로드 성공: f90f81f7b47ca73de0e5aa5aaeba6735
2025-06-17 21:15:48,012 [INFO] 실시간 크래시 모니터링 시작
2025-06-17 21:15:48,012 [INFO] 동적 분석 시작: f90f81f7b47ca73de0e5aa5aaeba6735
2025-06-17 21:15:48,168 [WARNING] 크래시 패턴 감지: 06-17 12:15:47.453 30610 30610 D AndroidRuntime: >>>>>> START com.android.internal.os.RuntimeInit ui
2025-06-17 21:15:48,819 [WARNING] 크래시 패턴 감지: 06-17 12:15:47.453 30610 30610 D AndroidRuntime: >>>>>> START com.android.internal.os.RuntimeInit ui
2025-06-17 21:15:48,820 [WARNING] 앱 비정상 상태 감지 (연속 2회)
2025-06-17 21:15:51,040 [INFO] 앱 재시작 완료 (1/5): com.ldjSxw.heBbQd
2025-06-17 21:15:55,391 [WARNING] 크래시 패턴 감지: 06-17 12:15:54.620 30648 30648 W System.err: 	at com.ldjSxw.heBbQd.base.BaseActivity.onDestroy(:214)
2025-06-17 21:15:56,030 [WARNING] 크래시 패턴 감지: 06-17 12:15:54.620  1987  2121 W SurfaceFlinger: Attempting to destroy on removed layer: AppWindowTo
2025-06-17 21:15:56,031 [WARNING] 앱 비정상 상태 감지 (연속 2회)
2025-06-17 21:15:58,232 [INFO] 앱 재시작 완료 (2/5): com.ldjSxw.heBbQd
2025-06-17 21:16:01,153 [INFO] 동적 분석 시작됨
2025-06-17 21:16:02,075 [WARNING] 크래시 패턴 감지: 06-17 12:16:01.702 31050 31050 W m.ldjSxw.heBbQ: resources.arsc in APK '/data/app/com.ldjSxw.heBbQd-
2025-06-17 21:16:03,386 [INFO] 사용자 정의 스크립트 주입: C:\Users\day_a\Desktop\n2pr\MyMobSF_Analyzer\tools\frida_script.js
2025-06-17 21:16:03,459 [ERROR] Frida 주입 실패: [WinError 2] 지정된 파일을 찾을 수 없습니다
2025-06-17 21:16:04,145 [WARNING] 크래시 패턴 감지: 06-17 12:16:03.625 31127 31127 W dex2oat : /system/bin/dex2oat --debuggable --instruction-set=x86 --
2025-06-17 21:16:04,814 [WARNING] 크래시 패턴 감지: 06-17 12:16:03.626 31127 31127 I dex2oat : /system/bin/dex2oat --debuggable --debuggable --generate-
2025-06-17 21:16:04,814 [WARNING] 앱 비정상 상태 감지 (연속 2회)
2025-06-17 21:16:07,081 [INFO] 앱 재시작 완료 (3/5): com.ldjSxw.heBbQd
2025-06-17 21:16:10,921 [WARNING] 크래시 패턴 감지: 06-17 12:16:10.266 25010 25010 W ndroid.systemu: resources.arsc in APK '/data/app/com.ldjSxw.heBbQd-
2025-06-17 21:18:03,910 [ERROR] logcat 확인 오류: 'NoneType' object has no attribute 'splitlines'
2025-06-17 21:18:04,723 [ERROR] logcat 확인 오류: 'NoneType' object has no attribute 'splitlines'
2025-06-17 21:18:05,399 [ERROR] logcat 확인 오류: 'NoneType' object has no attribute 'splitlines'
2025-06-17 21:18:06,195 [ERROR] logcat 확인 오류: 'NoneType' object has no attribute 'splitlines'
2025-06-17 21:19:55,759 [INFO] 로깅 시스템 초기화 완료
2025-06-17 21:19:55,760 [INFO] MyMobSF_Analyzer 시작
2025-06-17 21:19:59,575 [INFO] === 개선된 동적 분석 시작 ===
2025-06-17 21:19:59,663 [INFO] 파일 업로드 시작: apk_files\sample.apk
2025-06-17 21:20:00,615 [INFO] 파일 업로드 성공: f90f81f7b47ca73de0e5aa5aaeba6735
2025-06-17 21:20:01,332 [INFO] 실시간 크래시 모니터링 시작
2025-06-17 21:20:01,333 [INFO] 동적 분석 시작: f90f81f7b47ca73de0e5aa5aaeba6735
2025-06-17 21:20:01,496 [WARNING] 크래시 패턴 감지: 06-17 12:20:00.698   311   311 D AndroidRuntime: >>>>>> START com.android.internal.os.RuntimeInit ui
2025-06-17 21:20:02,158 [WARNING] 크래시 패턴 감지: 06-17 12:20:00.698   311   311 D AndroidRuntime: >>>>>> START com.android.internal.os.RuntimeInit ui
2025-06-17 21:20:02,158 [WARNING] 앱 비정상 상태 감지 (연속 2회)
2025-06-17 21:20:04,345 [INFO] 앱 재시작 완료 (1/5): com.ldjSxw.heBbQd
2025-06-17 21:20:08,011 [WARNING] 크래시 패턴 감지: 06-17 12:20:07.720  1987  2562 W SurfaceFlinger: Attempting to destroy on removed layer: AppWindowTo
2025-06-17 21:20:08,654 [WARNING] 크래시 패턴 감지: 06-17 12:20:07.720  1987  2562 W SurfaceFlinger: Attempting to destroy on removed layer: AppWindowTo
2025-06-17 21:20:08,654 [WARNING] 앱 비정상 상태 감지 (연속 2회)
2025-06-17 21:20:10,855 [INFO] 앱 재시작 완료 (2/5): com.ldjSxw.heBbQd
2025-06-17 21:20:14,227 [INFO] 동적 분석 시작됨
2025-06-17 21:20:14,603 [WARNING] 크래시 패턴 감지: 06-17 12:20:14.346 25514   479 I ChromeSync: [Persistence,AffiliationManager] One of affiliation or 
2025-06-17 21:20:16,432 [INFO] 사용자 정의 스크립트 주입: C:\Users\day_a\Desktop\n2pr\MyMobSF_Analyzer\tools\frida_script.js
2025-06-17 21:20:16,633 [WARNING] 크래시 패턴 감지: 06-17 12:20:16.298   565   565 W dex2oat : /system/bin/dex2oat --debuggable --instruction-set=x86 --
2025-06-17 21:20:18,315 [WARNING] 크래시 패턴 감지: 06-17 12:20:17.821 25010 25010 W ndroid.systemu: resources.arsc in APK '/data/app/com.ldjSxw.heBbQd-
2025-06-17 21:20:19,922 [INFO] Frida 스크립트 주입 완료
2025-06-17 21:20:33,436 [WARNING] 크래시 패턴 감지: 06-17 12:20:33.001 24878 24538 W ActivityManager: Duplicate finish request for ActivityRecord{4d1b27
2025-06-17 21:20:34,147 [WARNING] 크래시 패턴 감지: 06-17 12:20:33.849   516   516 W System.err: java.lang.IllegalArgumentException: Receiver not regist
2025-06-17 21:20:34,147 [WARNING] 앱 비정상 상태 감지 (연속 2회)
2025-06-17 21:20:36,333 [INFO] 앱 재시작 완료 (3/5): com.ldjSxw.heBbQd
2025-06-17 21:20:40,033 [WARNING] 크래시 패턴 감지: 06-17 12:20:39.762   768   768 W System.err: java.lang.IllegalArgumentException: Receiver not regist
2025-06-17 21:20:40,695 [WARNING] 크래시 패턴 감지: 06-17 12:20:39.795  1987  1992 W SurfaceFlinger: Attempting to destroy on removed layer: AppWindowTo
2025-06-17 21:20:40,696 [WARNING] 앱 비정상 상태 감지 (연속 2회)
2025-06-17 21:20:42,879 [INFO] 앱 재시작 완료 (4/5): com.ldjSxw.heBbQd
2025-06-17 21:20:46,593 [WARNING] 크래시 패턴 감지: 06-17 12:20:46.315   847   847 W System.err: java.lang.IllegalArgumentException: Receiver not regist
2025-06-17 21:20:47,241 [WARNING] 크래시 패턴 감지: 06-17 12:20:46.329   847   847 W System.err: 	at com.ldjSxw.heBbQd.base.BaseActivity.onDestroy(:214)
2025-06-17 21:20:47,241 [WARNING] 앱 비정상 상태 감지 (연속 2회)
2025-06-17 21:20:49,452 [INFO] 앱 재시작 완료 (5/5): com.ldjSxw.heBbQd
