=== 앱 크래시 상세 로그 ===
앱 패키지: com.ldjSxw.heBbQd
발생 시각: 2025-06-18 10:31:32
크래시 유형: 안드로이드 런타임 오류
크래시 라인: 06-16 13:34:22.573 21641 21641 I AndroidRuntime: VM exiting with result code 0.

=== 컨텍스트 로그 (최근 50줄) ===
06-16 13:34:11.858 25323 17311 E GmsTaskScheduler: sendWakeUpEvent called on SchedulerClientBroadcastStrategy
06-16 13:34:14.572 24878 27428 I ActivityManager: Killing 19803:android.process.acore/u0a25 (adj 906): empty for 1800s
06-16 13:34:14.574 24878 24904 I chatty  : uid=1000(system) ActivityManager expire 7 lines
06-16 13:34:14.631 24816 24816 I Zygote  : Process 19803 exited due to signal (9)
06-16 13:34:14.631 24878 27428 D CountryDetector: No listener is left
06-16 13:34:15.600 25706 19024 I chatty  : uid=10040 com.google.android.googlequicksearchbox:search expire 14 lines
06-16 13:34:15.608 24817 21630 I chatty  : uid=1041(audioserver) /system/bin/audioserver expire 1 line
06-16 13:34:15.608 24817 24856 I chatty  : uid=1041(audioserver) Binder:24817_1 expire 6 lines
06-16 13:34:15.613 25706 19024 E ActivityThread: Failed to find provider info for com.google.android.apps.gsa.testing.ui.audio.recorded
06-16 13:34:15.626 25706 11755 I chatty  : uid=10040 com.google.android.googlequicksearchbox:search expire 12 lines
06-16 13:34:15.854 24878 21276 I chatty  : uid=1000(system) Binder:24878_1F expire 2 lines
06-16 13:34:20.660 24817 21633 I chatty  : uid=1041(audioserver) /system/bin/audioserver expire 1 line
06-16 13:34:20.686 25706 19224 I chatty  : uid=10040 com.google.android.googlequicksearchbox:search expire 10 lines
06-16 13:34:21.563 24878 24940 I chatty  : uid=1000(system) HwBinder:24878_ expire 11 lines
06-16 13:34:21.564 24878 24900 I chatty  : uid=1000(system) android.bg expire 14 lines
06-16 13:34:20.670 25706 19024 E ActivityThread: Failed to find provider info for com.google.android.apps.gsa.testing.ui.audio.recorded
06-16 13:34:22.137 24878 25580 I ActivityManager: Force stopping com.ldjSxw.heBbQd appid=10116 user=0: from pid 21636
06-16 13:34:22.138 24878 25580 I ActivityManager: Killing 21553:com.ldjSxw.heBbQd/u0a116 (adj 900): stop com.ldjSxw.heBbQd
06-16 13:34:22.155 25145 25145 D CarrierSvcBindHelper: No carrier app for: 0
06-16 13:34:22.182 24816 24816 I Zygote  : Process 21553 exited due to signal (9)
06-16 13:34:22.368 21641 21641 D AndroidRuntime: >>>>>> START com.android.internal.os.RuntimeInit uid 0 <<<<<<
06-16 13:34:22.374 21641 21641 W app_process: Could not reserve sentinel fault page
06-16 13:34:22.422 21641 21641 W app_process: Unexpected CPU variant for X86 using defaults: x86
06-16 13:34:22.424 21641 21641 I app_process: The ClassLoaderContext is a special shared library.
06-16 13:34:22.450 21641 21641 D AndroidRuntime: Calling main entry com.android.commands.monkey.Monkey
06-16 13:34:22.452 21641 21641 W Monkey  : args: [-p, com.ldjSxw.heBbQd, -c, android.intent.category.LAUNCHER, 1]
06-16 13:34:22.452 21641 21641 W Monkey  :  arg: "-p"
06-16 13:34:22.452 21641 21641 W Monkey  :  arg: "com.ldjSxw.heBbQd"
06-16 13:34:22.452 21641 21641 W Monkey  :  arg: "-c"
06-16 13:34:22.453 21641 21641 W Monkey  :  arg: "android.intent.category.LAUNCHER"
06-16 13:34:22.453 21641 21641 W Monkey  :  arg: "1"
06-16 13:34:22.453 21641 21641 W Monkey  : data="com.ldjSxw.heBbQd"
06-16 13:34:22.453 21641 21641 W Monkey  : data="android.intent.category.LAUNCHER"
06-16 13:34:22.469 24878 24901 W BroadcastQueue: Skipping deliver [background] BroadcastRecord{aef283e u-1 android.net.conn.CONNECTIVITY_CHANGE} to ReceiverList{40b369f 21641 (unknown name)/0/u-1 remote:57ecbc0}: process gone or crashing
06-16 13:34:22.486 24878 26890 I ActivityManager: START u0 {act=android.intent.action.MAIN cat=[android.intent.category.LAUNCHER] flg=0x10200000 cmp=com.ldjSxw.heBbQd/.IntroActivity} from uid 0
06-16 13:34:22.487 24878 26890 I chatty  : uid=1000(system) Binder:24878_13 expire 1 line
06-16 13:34:22.507 21641 21641 I Monkey  : Events injected: 1
06-16 13:34:22.524 24878 24878 V SettingsProvider: Notifying for 0: content://settings/system/accelerometer_rotation
06-16 13:34:22.533 21653 21653 I m.ldjSxw.heBbQ: Late-enabling -Xcheck:jni
06-16 13:34:22.536  1625  1625 D gralloc_ranchu: gralloc_alloc: Creating ashmem region of size 3690496
06-16 13:34:22.554 21653 21653 I ndk_translation: Initialized NDK translation
06-16 13:34:22.530 24878 24878 V SettingsProvider: Notifying for 0: content://settings/system/accelerometer_rotation
06-16 13:34:22.569 24878 24903 W ActivityManager: Slow operation: 56ms so far, now at startProcess: done updating battery stats
06-16 13:34:22.569 24878 24903 W ActivityManager: Slow operation: 57ms so far, now at startProcess: building log message
06-16 13:34:22.569 24878 24903 I ActivityManager: Start proc 21653:com.ldjSxw.heBbQd/u0a116 for activity com.ldjSxw.heBbQd/.IntroActivity
06-16 13:34:22.569 24878 24903 W ActivityManager: Slow operation: 57ms so far, now at startProcess: starting to update pids map
06-16 13:34:22.570 24878 24903 W ActivityManager: Slow operation: 58ms so far, now at startProcess: done updating pids map
06-16 13:34:22.571 21641 21641 I Monkey  : ## Network stats: elapsed time=49ms (0ms mobile, 0ms wifi, 49ms not connected)
06-16 13:34:22.573 21641 21641 I app_process: System.exit called, status: 0
06-16 13:34:22.573 21641 21641 I AndroidRuntime: VM exiting with result code 0.
